<?xml version="1.0" encoding="UTF-8"?>
<testng-results skipped="0" failed="0" total="2" passed="2">
  <reporter-output>
  </reporter-output>
  <suite name="Suite" duration-ms="86756" started-at="2017-06-05T02:33:23Z" finished-at="2017-06-05T02:34:50Z">
    <groups>
    </groups>
    <test name="Login" duration-ms="86756" started-at="2017-06-05T02:33:23Z" finished-at="2017-06-05T02:34:50Z">
      <class name="SeleniumTestDemo.MainFunction">
        <test-method status="PASS" signature="beforeSuite()[pri:0, instance:SeleniumTestDemo.MainFunction@16e8792]" name="beforeSuite" is-config="true" duration-ms="1181" started-at="2017-06-05T10:33:22Z" finished-at="2017-06-05T10:33:23Z">
          <reporter-output>
          </reporter-output>
        </test-method> <!-- beforeSuite -->
        <test-method status="PASS" signature="setUp()[pri:0, instance:SeleniumTestDemo.MainFunction@16e8792]" name="setUp" is-config="true" duration-ms="23089" started-at="2017-06-05T10:33:23Z" finished-at="2017-06-05T10:33:46Z">
          <reporter-output>
          </reporter-output>
        </test-method> <!-- setUp -->
        <test-method status="PASS" signature="login2()[pri:0, instance:SeleniumTestDemo.MainFunction@16e8792]" name="login2" duration-ms="22236" started-at="2017-06-05T10:33:46Z" description="Login the Newtour Page" finished-at="2017-06-05T10:34:09Z">
          <reporter-output>
          </reporter-output>
        </test-method> <!-- login2 -->
        <test-method status="PASS" signature="afterEachTest(org.testng.ITestResult)[pri:0, instance:SeleniumTestDemo.MainFunction@16e8792]" name="afterEachTest" is-config="true" duration-ms="1001" started-at="2017-06-05T10:34:09Z" finished-at="2017-06-05T10:34:10Z">
          <params>
            <param index="0">
              <value>
                <![CDATA[[TestResult name=login2 status=SUCCESS method=MainFunction.login2()[pri:0, instance:SeleniumTestDemo.MainFunction@16e8792] output={null}]]]>
              </value>
            </param>
          </params>
          <reporter-output>
          </reporter-output>
        </test-method> <!-- afterEachTest -->
        <test-method status="PASS" signature="orderFlight()[pri:0, instance:SeleniumTestDemo.MainFunction@16e8792]" name="orderFlight" duration-ms="36467" started-at="2017-06-05T10:34:10Z" description="Complete the book flight" finished-at="2017-06-05T10:34:46Z">
          <reporter-output>
          </reporter-output>
        </test-method> <!-- orderFlight -->
        <test-method status="PASS" signature="afterEachTest(org.testng.ITestResult)[pri:0, instance:SeleniumTestDemo.MainFunction@16e8792]" name="afterEachTest" is-config="true" duration-ms="236" started-at="2017-06-05T10:34:46Z" finished-at="2017-06-05T10:34:46Z">
          <params>
            <param index="0">
              <value>
                <![CDATA[[TestResult name=orderFlight status=SUCCESS method=MainFunction.orderFlight()[pri:0, instance:SeleniumTestDemo.MainFunction@16e8792] output={null}]]]>
              </value>
            </param>
          </params>
          <reporter-output>
          </reporter-output>
        </test-method> <!-- afterEachTest -->
        <test-method status="PASS" signature="tearDown()[pri:0, instance:SeleniumTestDemo.MainFunction@16e8792]" name="tearDown" is-config="true" duration-ms="3694" started-at="2017-06-05T10:34:46Z" finished-at="2017-06-05T10:34:50Z">
          <reporter-output>
          </reporter-output>
        </test-method> <!-- tearDown -->
        <test-method status="PASS" signature="afterSuite()[pri:0, instance:SeleniumTestDemo.MainFunction@16e8792]" name="afterSuite" is-config="true" duration-ms="23" started-at="2017-06-05T10:34:50Z" finished-at="2017-06-05T10:34:50Z">
          <reporter-output>
          </reporter-output>
        </test-method> <!-- afterSuite -->
      </class> <!-- SeleniumTestDemo.MainFunction -->
    </test> <!-- Login -->
  </suite> <!-- Suite -->
</testng-results>
